<?xml version="1.0" encoding="UTF-8"?>
<coverage generated="1665181774409" clover="3.2.0">
  <project timestamp="1665181774409" name="All files">
    <metrics statements="8" coveredstatements="6" conditionals="8" coveredconditionals="5" methods="1" coveredmethods="1" elements="17" coveredelements="12" complexity="0" loc="8" ncloc="8" packages="1" files="1" classes="1"/>
    <file name="total.js" path="/Users/lilya/pure/src/total.js">
      <metrics statements="8" coveredstatements="6" conditionals="8" coveredconditionals="5" methods="1" coveredmethods="1"/>
      <line num="3" count="1" type="stmt"/>
      <line num="4" count="1" type="cond" truecount="1" falsecount="1"/>
      <line num="6" count="1" type="stmt"/>
      <line num="8" count="1" type="cond" truecount="3" falsecount="1"/>
      <line num="10" count="0" type="stmt"/>
      <line num="12" count="1" type="cond" truecount="1" falsecount="1"/>
      <line num="14" count="0" type="stmt"/>
      <line num="16" count="1" type="stmt"/>
    </file>
  </project>
</coverage>
